Warning: can not check `/etc/sudoers` for `secure_path`, falling back to call via `/usr/bin/env`, this breaks rules from `/etc/sudoers`. Run:

    export rvmsudo_secure_path=1

to avoid the warning, put it in shell initialization file to make it persistent.

In case there is no `secure_path` in `/etc/sudoers`. Run:

    export rvmsudo_secure_path=0

to avoid the warning, put it in shell initialization file to make it persistent.
sudo: no tty present and no askpass program specified
ReadSensor : SEND MAIL : SUBJECT : CANNOT READ SENSOR!
Warning: can not check `/etc/sudoers` for `secure_path`, falling back to call via `/usr/bin/env`, this breaks rules from `/etc/sudoers`. Run:

    export rvmsudo_secure_path=1

to avoid the warning, put it in shell initialization file to make it persistent.

In case there is no `secure_path` in `/etc/sudoers`. Run:

    export rvmsudo_secure_path=0

to avoid the warning, put it in shell initialization file to make it persistent.
sudo: no tty present and no askpass program specified
ReadSensor : SEND MAIL : SUBJECT : CANNOT READ SENSOR!
Warning: can not check `/etc/sudoers` for `secure_path`, falling back to call via `/usr/bin/env`, this breaks rules from `/etc/sudoers`. Run:

    export rvmsudo_secure_path=1

to avoid the warning, put it in shell initialization file to make it persistent.

In case there is no `secure_path` in `/etc/sudoers`. Run:

    export rvmsudo_secure_path=0

to avoid the warning, put it in shell initialization file to make it persistent.
sudo: no tty present and no askpass program specified
ReadSensor : SEND MAIL : SUBJECT : CANNOT READ SENSOR!
Warning: can not check `/etc/sudoers` for `secure_path`, falling back to call via `/usr/bin/env`, this breaks rules from `/etc/sudoers`. Run:

    export rvmsudo_secure_path=1

to avoid the warning, put it in shell initialization file to make it persistent.

In case there is no `secure_path` in `/etc/sudoers`. Run:

    export rvmsudo_secure_path=0

to avoid the warning, put it in shell initialization file to make it persistent.
sudo: no tty present and no askpass program specified
ReadSensor : SEND MAIL : SUBJECT : CANNOT READ SENSOR!
Warning: can not check `/etc/sudoers` for `secure_path`, falling back to call via `/usr/bin/env`, this breaks rules from `/etc/sudoers`. Run:

    export rvmsudo_secure_path=1

to avoid the warning, put it in shell initialization file to make it persistent.

In case there is no `secure_path` in `/etc/sudoers`. Run:

    export rvmsudo_secure_path=0

to avoid the warning, put it in shell initialization file to make it persistent.
sudo: no tty present and no askpass program specified
ReadSensor : SEND MAIL : SUBJECT : CANNOT READ SENSOR!
Warning: can not check `/etc/sudoers` for `secure_path`, falling back to call via `/usr/bin/env`, this breaks rules from `/etc/sudoers`. Run:

    export rvmsudo_secure_path=1

to avoid the warning, put it in shell initialization file to make it persistent.

In case there is no `secure_path` in `/etc/sudoers`. Run:

    export rvmsudo_secure_path=0

to avoid the warning, put it in shell initialization file to make it persistent.
sudo: no tty present and no askpass program specified
ReadSensor : SEND MAIL : SUBJECT : CANNOT READ SENSOR!
Warning: can not check `/etc/sudoers` for `secure_path`, falling back to call via `/usr/bin/env`, this breaks rules from `/etc/sudoers`. Run:

    export rvmsudo_secure_path=1

to avoid the warning, put it in shell initialization file to make it persistent.

In case there is no `secure_path` in `/etc/sudoers`. Run:

    export rvmsudo_secure_path=0

to avoid the warning, put it in shell initialization file to make it persistent.
sudo: no tty present and no askpass program specified
ReadSensor : SEND MAIL : SUBJECT : CANNOT READ SENSOR!
Warning: can not check `/etc/sudoers` for `secure_path`, falling back to call via `/usr/bin/env`, this breaks rules from `/etc/sudoers`. Run:

    export rvmsudo_secure_path=1

to avoid the warning, put it in shell initialization file to make it persistent.

In case there is no `secure_path` in `/etc/sudoers`. Run:

    export rvmsudo_secure_path=0

to avoid the warning, put it in shell initialization file to make it persistent.
sudo: no tty present and no askpass program specified
ReadSensor : SEND MAIL : SUBJECT : CANNOT READ SENSOR!
Warning: can not check `/etc/sudoers` for `secure_path`, falling back to call via `/usr/bin/env`, this breaks rules from `/etc/sudoers`. Run:

    export rvmsudo_secure_path=1

to avoid the warning, put it in shell initialization file to make it persistent.

In case there is no `secure_path` in `/etc/sudoers`. Run:

    export rvmsudo_secure_path=0

to avoid the warning, put it in shell initialization file to make it persistent.
sudo: no tty present and no askpass program specified
ReadSensor : SEND MAIL : SUBJECT : CANNOT READ SENSOR!
Warning: can not check `/etc/sudoers` for `secure_path`, falling back to call via `/usr/bin/env`, this breaks rules from `/etc/sudoers`. Run:

    export rvmsudo_secure_path=1

to avoid the warning, put it in shell initialization file to make it persistent.

In case there is no `secure_path` in `/etc/sudoers`. Run:

    export rvmsudo_secure_path=0

to avoid the warning, put it in shell initialization file to make it persistent.
sudo: no tty present and no askpass program specified
ReadSensor : SEND MAIL : SUBJECT : CANNOT READ SENSOR!
Warning: can not check `/etc/sudoers` for `secure_path`, falling back to call via `/usr/bin/env`, this breaks rules from `/etc/sudoers`. Run:

    export rvmsudo_secure_path=1

to avoid the warning, put it in shell initialization file to make it persistent.

In case there is no `secure_path` in `/etc/sudoers`. Run:

    export rvmsudo_secure_path=0

to avoid the warning, put it in shell initialization file to make it persistent.
sudo: no tty present and no askpass program specified
ReadSensor : SEND MAIL : SUBJECT : CANNOT READ SENSOR!
Warning: can not check `/etc/sudoers` for `secure_path`, falling back to call via `/usr/bin/env`, this breaks rules from `/etc/sudoers`. Run:

    export rvmsudo_secure_path=1

to avoid the warning, put it in shell initialization file to make it persistent.

In case there is no `secure_path` in `/etc/sudoers`. Run:

    export rvmsudo_secure_path=0

to avoid the warning, put it in shell initialization file to make it persistent.
sudo: no tty present and no askpass program specified
ReadSensor : SEND MAIL : SUBJECT : CANNOT READ SENSOR!
Warning: can not check `/etc/sudoers` for `secure_path`, falling back to call via `/usr/bin/env`, this breaks rules from `/etc/sudoers`. Run:

    export rvmsudo_secure_path=1

to avoid the warning, put it in shell initialization file to make it persistent.

In case there is no `secure_path` in `/etc/sudoers`. Run:

    export rvmsudo_secure_path=0

to avoid the warning, put it in shell initialization file to make it persistent.
sudo: no tty present and no askpass program specified
ReadSensor : SEND MAIL : SUBJECT : CANNOT READ SENSOR!
